<?xml version="1.0" encoding="UTF-8"?>
<coverage generated="1660474651718" clover="3.2.0">
  <project timestamp="1660474651718" name="All files">
    <metrics statements="285" coveredstatements="277" conditionals="69" coveredconditionals="63" methods="27" coveredmethods="27" elements="381" coveredelements="367" complexity="0" loc="285" ncloc="285" packages="1" files="2" classes="2"/>
    <file name="parser.js" path="/home/karavanjo/projects/karavanjo/coordinates-parser/src/parser.js">
      <metrics statements="224" coveredstatements="216" conditionals="59" coveredconditionals="53" methods="17" coveredmethods="17"/>
      <line num="1" count="1" type="stmt"/>
      <line num="2" count="1" type="stmt"/>
      <line num="3" count="1" type="stmt"/>
      <line num="4" count="1" type="stmt"/>
      <line num="5" count="1" type="stmt"/>
      <line num="6" count="1" type="stmt"/>
      <line num="7" count="1" type="stmt"/>
      <line num="8" count="1" type="stmt"/>
      <line num="9" count="1" type="stmt"/>
      <line num="10" count="1" type="stmt"/>
      <line num="11" count="1" type="cond" truecount="1" falsecount="0"/>
      <line num="12" count="63" type="stmt"/>
      <line num="13" count="63" type="stmt"/>
      <line num="14" count="1" type="stmt"/>
      <line num="15" count="1" type="cond" truecount="1" falsecount="0"/>
      <line num="16" count="63" type="stmt"/>
      <line num="17" count="63" type="stmt"/>
      <line num="18" count="1" type="stmt"/>
      <line num="19" count="1" type="cond" truecount="1" falsecount="0"/>
      <line num="20" count="63" type="stmt"/>
      <line num="21" count="63" type="stmt"/>
      <line num="22" count="63" type="stmt"/>
      <line num="23" count="63" type="stmt"/>
      <line num="24" count="1" type="stmt"/>
      <line num="25" count="1" type="cond" truecount="1" falsecount="0"/>
      <line num="26" count="274" type="stmt"/>
      <line num="27" count="274" type="stmt"/>
      <line num="28" count="1" type="stmt"/>
      <line num="29" count="1" type="stmt"/>
      <line num="30" count="1" type="stmt"/>
      <line num="31" count="1" type="stmt"/>
      <line num="32" count="1" type="stmt"/>
      <line num="33" count="1" type="stmt"/>
      <line num="34" count="1" type="stmt"/>
      <line num="35" count="1" type="stmt"/>
      <line num="36" count="1" type="stmt"/>
      <line num="37" count="1" type="cond" truecount="1" falsecount="0"/>
      <line num="38" count="90" type="stmt"/>
      <line num="39" count="90" type="stmt"/>
      <line num="40" count="90" type="stmt"/>
      <line num="41" count="90" type="stmt"/>
      <line num="42" count="90" type="stmt"/>
      <line num="43" count="90" type="stmt"/>
      <line num="44" count="90" type="cond" truecount="1" falsecount="0"/>
      <line num="45" count="86" type="stmt"/>
      <line num="46" count="86" type="stmt"/>
      <line num="47" count="90" type="cond" truecount="1" falsecount="0"/>
      <line num="48" count="68" type="stmt"/>
      <line num="49" count="68" type="stmt"/>
      <line num="50" count="90" type="stmt"/>
      <line num="51" count="90" type="stmt"/>
      <line num="52" count="90" type="stmt"/>
      <line num="53" count="1" type="stmt"/>
      <line num="54" count="1" type="cond" truecount="1" falsecount="0"/>
      <line num="55" count="45" type="stmt"/>
      <line num="56" count="45" type="stmt"/>
      <line num="57" count="45" type="cond" truecount="0" falsecount="1"/>
      <line num="58" count="0" type="stmt"/>
      <line num="59" count="0" type="stmt"/>
      <line num="60" count="45" type="stmt"/>
      <line num="61" count="45" type="cond" truecount="1" falsecount="0"/>
      <line num="62" count="90" type="stmt"/>
      <line num="63" count="90" type="stmt"/>
      <line num="64" count="45" type="stmt"/>
      <line num="65" count="1" type="stmt"/>
      <line num="66" count="1" type="cond" truecount="1" falsecount="0"/>
      <line num="67" count="15" type="stmt"/>
      <line num="68" count="15" type="stmt"/>
      <line num="69" count="15" type="cond" truecount="0" falsecount="1"/>
      <line num="70" count="0" type="stmt"/>
      <line num="71" count="0" type="stmt"/>
      <line num="72" count="15" type="stmt"/>
      <line num="73" count="15" type="cond" truecount="1" falsecount="0"/>
      <line num="74" count="30" type="stmt"/>
      <line num="75" count="30" type="stmt"/>
      <line num="76" count="15" type="stmt"/>
      <line num="77" count="1" type="stmt"/>
      <line num="78" count="1" type="cond" truecount="1" falsecount="0"/>
      <line num="79" count="176" type="cond" truecount="1" falsecount="0"/>
      <line num="80" count="176" type="stmt"/>
      <line num="81" count="1" type="stmt"/>
      <line num="82" count="1" type="cond" truecount="1" falsecount="0"/>
      <line num="83" count="98" type="stmt"/>
      <line num="84" count="98" type="stmt"/>
      <line num="85" count="1" type="stmt"/>
      <line num="86" count="1" type="stmt"/>
      <line num="87" count="1" type="stmt"/>
      <line num="88" count="1" type="stmt"/>
      <line num="89" count="1" type="stmt"/>
      <line num="90" count="1" type="stmt"/>
      <line num="91" count="1" type="stmt"/>
      <line num="92" count="1" type="stmt"/>
      <line num="93" count="1" type="cond" truecount="1" falsecount="0"/>
      <line num="94" count="120" type="cond" truecount="3" falsecount="0"/>
      <line num="95" count="99" type="stmt"/>
      <line num="96" count="99" type="cond" truecount="2" falsecount="0"/>
      <line num="97" count="21" type="stmt"/>
      <line num="98" count="21" type="stmt"/>
      <line num="99" count="78" type="cond" truecount="1" falsecount="0"/>
      <line num="100" count="120" type="cond" truecount="2" falsecount="0"/>
      <line num="101" count="23" type="stmt"/>
      <line num="102" count="23" type="cond" truecount="1" falsecount="0"/>
      <line num="103" count="22" type="stmt"/>
      <line num="104" count="22" type="stmt"/>
      <line num="105" count="120" type="stmt"/>
      <line num="106" count="1" type="stmt"/>
      <line num="107" count="1" type="stmt"/>
      <line num="108" count="1" type="stmt"/>
      <line num="109" count="1" type="stmt"/>
      <line num="110" count="1" type="stmt"/>
      <line num="111" count="1" type="stmt"/>
      <line num="112" count="1" type="stmt"/>
      <line num="113" count="1" type="stmt"/>
      <line num="114" count="1" type="cond" truecount="1" falsecount="0"/>
      <line num="115" count="120" type="stmt"/>
      <line num="116" count="120" type="stmt"/>
      <line num="117" count="120" type="cond" truecount="1" falsecount="0"/>
      <line num="118" count="120" type="cond" truecount="1" falsecount="0"/>
      <line num="119" count="59" type="stmt"/>
      <line num="120" count="59" type="stmt"/>
      <line num="121" count="120" type="stmt"/>
      <line num="122" count="120" type="stmt"/>
      <line num="123" count="1" type="stmt"/>
      <line num="124" count="1" type="stmt"/>
      <line num="125" count="1" type="stmt"/>
      <line num="126" count="1" type="stmt"/>
      <line num="127" count="1" type="stmt"/>
      <line num="128" count="1" type="stmt"/>
      <line num="129" count="1" type="stmt"/>
      <line num="130" count="1" type="cond" truecount="1" falsecount="0"/>
      <line num="131" count="60" type="cond" truecount="1" falsecount="0"/>
      <line num="132" count="60" type="stmt"/>
      <line num="133" count="1" type="stmt"/>
      <line num="134" count="1" type="cond" truecount="1" falsecount="0"/>
      <line num="135" count="60" type="stmt"/>
      <line num="136" count="60" type="stmt"/>
      <line num="137" count="60" type="stmt"/>
      <line num="138" count="60" type="cond" truecount="3" falsecount="0"/>
      <line num="139" count="60" type="cond" truecount="1" falsecount="0"/>
      <line num="140" count="19" type="stmt"/>
      <line num="141" count="19" type="stmt"/>
      <line num="142" count="59" type="cond" truecount="1" falsecount="0"/>
      <line num="143" count="60" type="cond" truecount="3" falsecount="0"/>
      <line num="144" count="60" type="cond" truecount="1" falsecount="0"/>
      <line num="145" count="56" type="stmt"/>
      <line num="146" count="56" type="stmt"/>
      <line num="147" count="59" type="cond" truecount="1" falsecount="0"/>
      <line num="148" count="59" type="stmt"/>
      <line num="149" count="59" type="stmt"/>
      <line num="150" count="1" type="stmt"/>
      <line num="151" count="1" type="cond" truecount="1" falsecount="0"/>
      <line num="152" count="45" type="stmt"/>
      <line num="153" count="45" type="cond" truecount="0" falsecount="1"/>
      <line num="154" count="45" type="stmt"/>
      <line num="155" count="45" type="stmt"/>
      <line num="156" count="45" type="stmt"/>
      <line num="157" count="45" type="stmt"/>
      <line num="158" count="45" type="stmt"/>
      <line num="159" count="45" type="stmt"/>
      <line num="160" count="45" type="stmt"/>
      <line num="161" count="45" type="stmt"/>
      <line num="162" count="45" type="stmt"/>
      <line num="163" count="45" type="cond" truecount="0" falsecount="1"/>
      <line num="164" count="0" type="stmt"/>
      <line num="165" count="0" type="stmt"/>
      <line num="166" count="45" type="stmt"/>
      <line num="167" count="1" type="stmt"/>
      <line num="168" count="1" type="stmt"/>
      <line num="169" count="1" type="cond" truecount="1" falsecount="0"/>
      <line num="170" count="15" type="stmt"/>
      <line num="171" count="15" type="cond" truecount="0" falsecount="1"/>
      <line num="172" count="15" type="stmt"/>
      <line num="173" count="15" type="cond" truecount="0" falsecount="1"/>
      <line num="174" count="0" type="stmt"/>
      <line num="175" count="0" type="stmt"/>
      <line num="176" count="15" type="stmt"/>
      <line num="177" count="15" type="stmt"/>
      <line num="178" count="15" type="stmt"/>
      <line num="179" count="15" type="stmt"/>
      <line num="180" count="15" type="stmt"/>
      <line num="181" count="15" type="stmt"/>
      <line num="182" count="15" type="stmt"/>
      <line num="183" count="15" type="stmt"/>
      <line num="184" count="15" type="stmt"/>
      <line num="185" count="15" type="cond" truecount="1" falsecount="0"/>
      <line num="186" count="1" type="stmt"/>
      <line num="187" count="1" type="stmt"/>
      <line num="188" count="15" type="stmt"/>
      <line num="189" count="1" type="stmt"/>
      <line num="190" count="1" type="cond" truecount="1" falsecount="0"/>
      <line num="191" count="62" type="cond" truecount="1" falsecount="0"/>
      <line num="192" count="43" type="stmt"/>
      <line num="193" count="43" type="stmt"/>
      <line num="194" count="19" type="cond" truecount="1" falsecount="0"/>
      <line num="195" count="19" type="stmt"/>
      <line num="196" count="19" type="stmt"/>
      <line num="197" count="19" type="stmt"/>
      <line num="198" count="1" type="stmt"/>
      <line num="199" count="1" type="stmt"/>
      <line num="200" count="1" type="stmt"/>
      <line num="201" count="1" type="stmt"/>
      <line num="202" count="1" type="stmt"/>
      <line num="203" count="1" type="stmt"/>
      <line num="204" count="1" type="stmt"/>
      <line num="205" count="1" type="stmt"/>
      <line num="206" count="1" type="cond" truecount="1" falsecount="0"/>
      <line num="207" count="63" type="stmt"/>
      <line num="208" count="63" type="stmt"/>
      <line num="209" count="63" type="cond" truecount="1" falsecount="0"/>
      <line num="210" count="1" type="stmt"/>
      <line num="211" count="1" type="stmt"/>
      <line num="212" count="62" type="cond" truecount="1" falsecount="0"/>
      <line num="213" count="62" type="stmt"/>
      <line num="214" count="62" type="stmt"/>
      <line num="215" count="63" type="cond" truecount="1" falsecount="0"/>
      <line num="216" count="15" type="stmt"/>
      <line num="217" count="15" type="stmt"/>
      <line num="218" count="47" type="cond" truecount="1" falsecount="0"/>
      <line num="219" count="63" type="cond" truecount="1" falsecount="0"/>
      <line num="220" count="45" type="stmt"/>
      <line num="221" count="45" type="stmt"/>
      <line num="222" count="2" type="cond" truecount="1" falsecount="0"/>
      <line num="223" count="2" type="stmt"/>
      <line num="224" count="2" type="stmt"/>
    </file>
    <file name="regex.js" path="/home/karavanjo/projects/karavanjo/coordinates-parser/src/regex.js">
      <metrics statements="61" coveredstatements="61" conditionals="10" coveredconditionals="10" methods="10" coveredmethods="10"/>
      <line num="1" count="1" type="cond" truecount="1" falsecount="0"/>
      <line num="2" count="8" type="stmt"/>
      <line num="3" count="8" type="stmt"/>
      <line num="4" count="1" type="stmt"/>
      <line num="5" count="1" type="cond" truecount="1" falsecount="0"/>
      <line num="6" count="2" type="stmt"/>
      <line num="7" count="2" type="stmt"/>
      <line num="8" count="1" type="stmt"/>
      <line num="9" count="1" type="cond" truecount="1" falsecount="0"/>
      <line num="10" count="1" type="stmt"/>
      <line num="11" count="1" type="stmt"/>
      <line num="12" count="1" type="stmt"/>
      <line num="13" count="1" type="cond" truecount="1" falsecount="0"/>
      <line num="14" count="2" type="stmt"/>
      <line num="15" count="2" type="stmt"/>
      <line num="16" count="1" type="stmt"/>
      <line num="17" count="1" type="cond" truecount="1" falsecount="0"/>
      <line num="18" count="2" type="stmt"/>
      <line num="19" count="2" type="stmt"/>
      <line num="20" count="1" type="stmt"/>
      <line num="21" count="1" type="cond" truecount="1" falsecount="0"/>
      <line num="22" count="2" type="stmt"/>
      <line num="23" count="2" type="stmt"/>
      <line num="24" count="1" type="stmt"/>
      <line num="25" count="1" type="cond" truecount="1" falsecount="0"/>
      <line num="26" count="2" type="stmt"/>
      <line num="27" count="2" type="stmt"/>
      <line num="28" count="1" type="stmt"/>
      <line num="29" count="1" type="cond" truecount="1" falsecount="0"/>
      <line num="30" count="1" type="stmt"/>
      <line num="31" count="1" type="stmt"/>
      <line num="32" count="1" type="stmt"/>
      <line num="33" count="1" type="stmt"/>
      <line num="34" count="1" type="stmt"/>
      <line num="35" count="1" type="stmt"/>
      <line num="36" count="1" type="stmt"/>
      <line num="37" count="1" type="stmt"/>
      <line num="38" count="1" type="stmt"/>
      <line num="39" count="1" type="stmt"/>
      <line num="40" count="1" type="stmt"/>
      <line num="41" count="1" type="stmt"/>
      <line num="42" count="1" type="cond" truecount="1" falsecount="0"/>
      <line num="43" count="1" type="stmt"/>
      <line num="44" count="1" type="stmt"/>
      <line num="45" count="1" type="stmt"/>
      <line num="46" count="1" type="stmt"/>
      <line num="47" count="1" type="stmt"/>
      <line num="48" count="1" type="stmt"/>
      <line num="49" count="1" type="stmt"/>
      <line num="50" count="1" type="stmt"/>
      <line num="51" count="1" type="stmt"/>
      <line num="52" count="1" type="stmt"/>
      <line num="53" count="1" type="stmt"/>
      <line num="54" count="1" type="stmt"/>
      <line num="55" count="1" type="stmt"/>
      <line num="56" count="1" type="stmt"/>
      <line num="57" count="1" type="stmt"/>
      <line num="58" count="1" type="stmt"/>
      <line num="59" count="1" type="cond" truecount="1" falsecount="0"/>
      <line num="60" count="1" type="stmt"/>
      <line num="61" count="1" type="stmt"/>
    </file>
  </project>
</coverage>
