{"/home/karavanjo/projects/karavanjo/coordinates-parser/src/parser.js": {"path":"/home/karavanjo/projects/karavanjo/coordinates-parser/src/parser.js","all":false,"statementMap":{"0":{"start":{"line":1,"column":0},"end":{"line":1,"column":18}},"1":{"start":{"line":2,"column":0},"end":{"line":2,"column":0}},"2":{"start":{"line":3,"column":0},"end":{"line":3,"column":103}},"3":{"start":{"line":4,"column":0},"end":{"line":4,"column":0}},"4":{"start":{"line":5,"column":0},"end":{"line":5,"column":42}},"5":{"start":{"line":6,"column":0},"end":{"line":6,"column":116}},"6":{"start":{"line":7,"column":0},"end":{"line":7,"column":54}},"7":{"start":{"line":8,"column":0},"end":{"line":8,"column":52}},"8":{"start":{"line":9,"column":0},"end":{"line":9,"column":60}},"9":{"start":{"line":10,"column":0},"end":{"line":10,"column":0}},"10":{"start":{"line":11,"column":0},"end":{"line":11,"column":38}},"11":{"start":{"line":12,"column":0},"end":{"line":12,"column":38}},"12":{"start":{"line":13,"column":0},"end":{"line":13,"column":2}},"13":{"start":{"line":14,"column":0},"end":{"line":14,"column":0}},"14":{"start":{"line":15,"column":0},"end":{"line":15,"column":44}},"15":{"start":{"line":16,"column":0},"end":{"line":16,"column":61}},"16":{"start":{"line":17,"column":0},"end":{"line":17,"column":2}},"17":{"start":{"line":18,"column":0},"end":{"line":18,"column":0}},"18":{"start":{"line":19,"column":0},"end":{"line":19,"column":31}},"19":{"start":{"line":20,"column":0},"end":{"line":20,"column":30}},"20":{"start":{"line":21,"column":0},"end":{"line":21,"column":48}},"21":{"start":{"line":22,"column":0},"end":{"line":22,"column":40}},"22":{"start":{"line":23,"column":0},"end":{"line":23,"column":2}},"23":{"start":{"line":24,"column":0},"end":{"line":24,"column":0}},"24":{"start":{"line":25,"column":0},"end":{"line":25,"column":40}},"25":{"start":{"line":26,"column":0},"end":{"line":26,"column":35}},"26":{"start":{"line":27,"column":0},"end":{"line":27,"column":2}},"27":{"start":{"line":28,"column":0},"end":{"line":28,"column":0}},"28":{"start":{"line":29,"column":0},"end":{"line":29,"column":3}},"29":{"start":{"line":30,"column":0},"end":{"line":30,"column":65}},"30":{"start":{"line":31,"column":0},"end":{"line":31,"column":39}},"31":{"start":{"line":32,"column":0},"end":{"line":32,"column":2}},"32":{"start":{"line":33,"column":0},"end":{"line":33,"column":54}},"33":{"start":{"line":34,"column":0},"end":{"line":34,"column":73}},"34":{"start":{"line":35,"column":0},"end":{"line":35,"column":36}},"35":{"start":{"line":36,"column":0},"end":{"line":36,"column":3}},"36":{"start":{"line":37,"column":0},"end":{"line":37,"column":46}},"37":{"start":{"line":38,"column":0},"end":{"line":38,"column":32}},"38":{"start":{"line":39,"column":0},"end":{"line":39,"column":27}},"39":{"start":{"line":40,"column":0},"end":{"line":40,"column":0}},"40":{"start":{"line":41,"column":0},"end":{"line":41,"column":37}},"41":{"start":{"line":42,"column":0},"end":{"line":42,"column":67}},"42":{"start":{"line":43,"column":0},"end":{"line":43,"column":5}},"43":{"start":{"line":44,"column":0},"end":{"line":44,"column":36}},"44":{"start":{"line":45,"column":0},"end":{"line":45,"column":72}},"45":{"start":{"line":46,"column":0},"end":{"line":46,"column":5}},"46":{"start":{"line":47,"column":0},"end":{"line":47,"column":36}},"47":{"start":{"line":48,"column":0},"end":{"line":48,"column":74}},"48":{"start":{"line":49,"column":0},"end":{"line":49,"column":5}},"49":{"start":{"line":50,"column":0},"end":{"line":50,"column":0}},"50":{"start":{"line":51,"column":0},"end":{"line":51,"column":26}},"51":{"start":{"line":52,"column":0},"end":{"line":52,"column":2}},"52":{"start":{"line":53,"column":0},"end":{"line":53,"column":0}},"53":{"start":{"line":54,"column":0},"end":{"line":54,"column":43}},"54":{"start":{"line":55,"column":0},"end":{"line":55,"column":32}},"55":{"start":{"line":56,"column":0},"end":{"line":56,"column":0}},"56":{"start":{"line":57,"column":0},"end":{"line":57,"column":49}},"57":{"start":{"line":58,"column":0},"end":{"line":58,"column":49}},"58":{"start":{"line":59,"column":0},"end":{"line":59,"column":5}},"59":{"start":{"line":60,"column":0},"end":{"line":60,"column":0}},"60":{"start":{"line":61,"column":0},"end":{"line":61,"column":29}},"61":{"start":{"line":62,"column":0},"end":{"line":62,"column":68}},"62":{"start":{"line":63,"column":0},"end":{"line":63,"column":7}},"63":{"start":{"line":64,"column":0},"end":{"line":64,"column":2}},"64":{"start":{"line":65,"column":0},"end":{"line":65,"column":0}},"65":{"start":{"line":66,"column":0},"end":{"line":66,"column":47}},"66":{"start":{"line":67,"column":0},"end":{"line":67,"column":32}},"67":{"start":{"line":68,"column":0},"end":{"line":68,"column":0}},"68":{"start":{"line":69,"column":0},"end":{"line":69,"column":47}},"69":{"start":{"line":70,"column":0},"end":{"line":70,"column":57}},"70":{"start":{"line":71,"column":0},"end":{"line":71,"column":5}},"71":{"start":{"line":72,"column":0},"end":{"line":72,"column":0}},"72":{"start":{"line":73,"column":0},"end":{"line":73,"column":29}},"73":{"start":{"line":74,"column":0},"end":{"line":74,"column":76}},"74":{"start":{"line":75,"column":0},"end":{"line":75,"column":7}},"75":{"start":{"line":76,"column":0},"end":{"line":76,"column":2}},"76":{"start":{"line":77,"column":0},"end":{"line":77,"column":0}},"77":{"start":{"line":78,"column":0},"end":{"line":78,"column":32}},"78":{"start":{"line":79,"column":0},"end":{"line":79,"column":41}},"79":{"start":{"line":80,"column":0},"end":{"line":80,"column":1}},"80":{"start":{"line":81,"column":0},"end":{"line":81,"column":0}},"81":{"start":{"line":82,"column":0},"end":{"line":82,"column":32}},"82":{"start":{"line":83,"column":0},"end":{"line":83,"column":43}},"83":{"start":{"line":84,"column":0},"end":{"line":84,"column":1}},"84":{"start":{"line":85,"column":0},"end":{"line":85,"column":0}},"85":{"start":{"line":86,"column":0},"end":{"line":86,"column":3}},"86":{"start":{"line":87,"column":0},"end":{"line":87,"column":57}},"87":{"start":{"line":88,"column":0},"end":{"line":88,"column":2}},"88":{"start":{"line":89,"column":0},"end":{"line":89,"column":48}},"89":{"start":{"line":90,"column":0},"end":{"line":90,"column":67}},"90":{"start":{"line":91,"column":0},"end":{"line":91,"column":80}},"91":{"start":{"line":92,"column":0},"end":{"line":92,"column":3}},"92":{"start":{"line":93,"column":0},"end":{"line":93,"column":44}},"93":{"start":{"line":94,"column":0},"end":{"line":94,"column":51}},"94":{"start":{"line":95,"column":0},"end":{"line":95,"column":29}},"95":{"start":{"line":96,"column":0},"end":{"line":96,"column":58}},"96":{"start":{"line":97,"column":0},"end":{"line":97,"column":29}},"97":{"start":{"line":98,"column":0},"end":{"line":98,"column":5}},"98":{"start":{"line":99,"column":0},"end":{"line":99,"column":0}},"99":{"start":{"line":100,"column":0},"end":{"line":100,"column":29}},"100":{"start":{"line":101,"column":0},"end":{"line":101,"column":28}},"101":{"start":{"line":102,"column":0},"end":{"line":102,"column":59}},"102":{"start":{"line":103,"column":0},"end":{"line":103,"column":29}},"103":{"start":{"line":104,"column":0},"end":{"line":104,"column":5}},"104":{"start":{"line":105,"column":0},"end":{"line":105,"column":2}},"105":{"start":{"line":106,"column":0},"end":{"line":106,"column":0}},"106":{"start":{"line":107,"column":0},"end":{"line":107,"column":3}},"107":{"start":{"line":108,"column":0},"end":{"line":108,"column":58}},"108":{"start":{"line":109,"column":0},"end":{"line":109,"column":2}},"109":{"start":{"line":110,"column":0},"end":{"line":110,"column":54}},"110":{"start":{"line":111,"column":0},"end":{"line":111,"column":73}},"111":{"start":{"line":112,"column":0},"end":{"line":112,"column":17}},"112":{"start":{"line":113,"column":0},"end":{"line":113,"column":3}},"113":{"start":{"line":114,"column":0},"end":{"line":114,"column":62}},"114":{"start":{"line":115,"column":0},"end":{"line":115,"column":32}},"115":{"start":{"line":116,"column":0},"end":{"line":116,"column":0}},"116":{"start":{"line":117,"column":0},"end":{"line":117,"column":77}},"117":{"start":{"line":118,"column":0},"end":{"line":118,"column":30}},"118":{"start":{"line":119,"column":0},"end":{"line":119,"column":47}},"119":{"start":{"line":120,"column":0},"end":{"line":120,"column":5}},"120":{"start":{"line":121,"column":0},"end":{"line":121,"column":89}},"121":{"start":{"line":122,"column":0},"end":{"line":122,"column":2}},"122":{"start":{"line":123,"column":0},"end":{"line":123,"column":0}},"123":{"start":{"line":124,"column":0},"end":{"line":124,"column":3}},"124":{"start":{"line":125,"column":0},"end":{"line":125,"column":62}},"125":{"start":{"line":126,"column":0},"end":{"line":126,"column":2}},"126":{"start":{"line":127,"column":0},"end":{"line":127,"column":54}},"127":{"start":{"line":128,"column":0},"end":{"line":128,"column":17}},"128":{"start":{"line":129,"column":0},"end":{"line":129,"column":3}},"129":{"start":{"line":130,"column":0},"end":{"line":130,"column":47}},"130":{"start":{"line":131,"column":0},"end":{"line":131,"column":74}},"131":{"start":{"line":132,"column":0},"end":{"line":132,"column":2}},"132":{"start":{"line":133,"column":0},"end":{"line":133,"column":0}},"133":{"start":{"line":134,"column":0},"end":{"line":134,"column":47}},"134":{"start":{"line":135,"column":0},"end":{"line":135,"column":53}},"135":{"start":{"line":136,"column":0},"end":{"line":136,"column":32}},"136":{"start":{"line":137,"column":0},"end":{"line":137,"column":0}},"137":{"start":{"line":138,"column":0},"end":{"line":138,"column":39}},"138":{"start":{"line":139,"column":0},"end":{"line":139,"column":41}},"139":{"start":{"line":140,"column":0},"end":{"line":140,"column":48}},"140":{"start":{"line":141,"column":0},"end":{"line":141,"column":5}},"141":{"start":{"line":142,"column":0},"end":{"line":142,"column":0}},"142":{"start":{"line":143,"column":0},"end":{"line":143,"column":39}},"143":{"start":{"line":144,"column":0},"end":{"line":144,"column":41}},"144":{"start":{"line":145,"column":0},"end":{"line":145,"column":48}},"145":{"start":{"line":146,"column":0},"end":{"line":146,"column":5}},"146":{"start":{"line":147,"column":0},"end":{"line":147,"column":0}},"147":{"start":{"line":148,"column":0},"end":{"line":148,"column":28}},"148":{"start":{"line":149,"column":0},"end":{"line":149,"column":2}},"149":{"start":{"line":150,"column":0},"end":{"line":150,"column":0}},"150":{"start":{"line":151,"column":0},"end":{"line":151,"column":29}},"151":{"start":{"line":152,"column":0},"end":{"line":152,"column":50}},"152":{"start":{"line":153,"column":0},"end":{"line":153,"column":26}},"153":{"start":{"line":154,"column":0},"end":{"line":154,"column":0}},"154":{"start":{"line":155,"column":0},"end":{"line":155,"column":25}},"155":{"start":{"line":156,"column":0},"end":{"line":156,"column":13}},"156":{"start":{"line":157,"column":0},"end":{"line":157,"column":6}},"157":{"start":{"line":158,"column":0},"end":{"line":158,"column":0}},"158":{"start":{"line":159,"column":0},"end":{"line":159,"column":9}},"159":{"start":{"line":160,"column":0},"end":{"line":160,"column":38}},"160":{"start":{"line":161,"column":0},"end":{"line":161,"column":42}},"161":{"start":{"line":162,"column":0},"end":{"line":162,"column":49}},"162":{"start":{"line":163,"column":0},"end":{"line":163,"column":21}},"163":{"start":{"line":164,"column":0},"end":{"line":164,"column":18}},"164":{"start":{"line":165,"column":0},"end":{"line":165,"column":5}},"165":{"start":{"line":166,"column":0},"end":{"line":166,"column":2}},"166":{"start":{"line":167,"column":0},"end":{"line":167,"column":0}},"167":{"start":{"line":168,"column":0},"end":{"line":168,"column":0}},"168":{"start":{"line":169,"column":0},"end":{"line":169,"column":40}},"169":{"start":{"line":170,"column":0},"end":{"line":170,"column":51}},"170":{"start":{"line":171,"column":0},"end":{"line":171,"column":26}},"171":{"start":{"line":172,"column":0},"end":{"line":172,"column":0}},"172":{"start":{"line":173,"column":0},"end":{"line":173,"column":47}},"173":{"start":{"line":174,"column":0},"end":{"line":174,"column":18}},"174":{"start":{"line":175,"column":0},"end":{"line":175,"column":5}},"175":{"start":{"line":176,"column":0},"end":{"line":176,"column":0}},"176":{"start":{"line":177,"column":0},"end":{"line":177,"column":25}},"177":{"start":{"line":178,"column":0},"end":{"line":178,"column":13}},"178":{"start":{"line":179,"column":0},"end":{"line":179,"column":6}},"179":{"start":{"line":180,"column":0},"end":{"line":180,"column":0}},"180":{"start":{"line":181,"column":0},"end":{"line":181,"column":9}},"181":{"start":{"line":182,"column":0},"end":{"line":182,"column":42}},"182":{"start":{"line":183,"column":0},"end":{"line":183,"column":42}},"183":{"start":{"line":184,"column":0},"end":{"line":184,"column":49}},"184":{"start":{"line":185,"column":0},"end":{"line":185,"column":21}},"185":{"start":{"line":186,"column":0},"end":{"line":186,"column":18}},"186":{"start":{"line":187,"column":0},"end":{"line":187,"column":5}},"187":{"start":{"line":188,"column":0},"end":{"line":188,"column":2}},"188":{"start":{"line":189,"column":0},"end":{"line":189,"column":0}},"189":{"start":{"line":190,"column":0},"end":{"line":190,"column":41}},"190":{"start":{"line":191,"column":0},"end":{"line":191,"column":45}},"191":{"start":{"line":192,"column":0},"end":{"line":192,"column":21}},"192":{"start":{"line":193,"column":0},"end":{"line":193,"column":5}},"193":{"start":{"line":194,"column":0},"end":{"line":194,"column":52}},"194":{"start":{"line":195,"column":0},"end":{"line":195,"column":53}},"195":{"start":{"line":196,"column":0},"end":{"line":196,"column":95}},"196":{"start":{"line":197,"column":0},"end":{"line":197,"column":1}},"197":{"start":{"line":198,"column":0},"end":{"line":198,"column":0}},"198":{"start":{"line":199,"column":0},"end":{"line":199,"column":3}},"199":{"start":{"line":200,"column":0},"end":{"line":200,"column":28}},"200":{"start":{"line":201,"column":0},"end":{"line":201,"column":2}},"201":{"start":{"line":202,"column":0},"end":{"line":202,"column":60}},"202":{"start":{"line":203,"column":0},"end":{"line":203,"column":62}},"203":{"start":{"line":204,"column":0},"end":{"line":204,"column":38}},"204":{"start":{"line":205,"column":0},"end":{"line":205,"column":3}},"205":{"start":{"line":206,"column":0},"end":{"line":206,"column":42}},"206":{"start":{"line":207,"column":0},"end":{"line":207,"column":46}},"207":{"start":{"line":208,"column":0},"end":{"line":208,"column":0}},"208":{"start":{"line":209,"column":0},"end":{"line":209,"column":44}},"209":{"start":{"line":210,"column":0},"end":{"line":210,"column":18}},"210":{"start":{"line":211,"column":0},"end":{"line":211,"column":5}},"211":{"start":{"line":212,"column":0},"end":{"line":212,"column":0}},"212":{"start":{"line":213,"column":0},"end":{"line":213,"column":40}},"213":{"start":{"line":214,"column":0},"end":{"line":214,"column":0}},"214":{"start":{"line":215,"column":0},"end":{"line":215,"column":42}},"215":{"start":{"line":216,"column":0},"end":{"line":216,"column":42}},"216":{"start":{"line":217,"column":0},"end":{"line":217,"column":5}},"217":{"start":{"line":218,"column":0},"end":{"line":218,"column":0}},"218":{"start":{"line":219,"column":0},"end":{"line":219,"column":41}},"219":{"start":{"line":220,"column":0},"end":{"line":220,"column":31}},"220":{"start":{"line":221,"column":0},"end":{"line":221,"column":5}},"221":{"start":{"line":222,"column":0},"end":{"line":222,"column":0}},"222":{"start":{"line":223,"column":0},"end":{"line":223,"column":14}},"223":{"start":{"line":224,"column":0},"end":{"line":224,"column":1}}},"s":{"0":1,"1":1,"2":1,"3":1,"4":1,"5":1,"6":1,"7":1,"8":1,"9":1,"10":1,"11":63,"12":63,"13":1,"14":1,"15":63,"16":63,"17":1,"18":1,"19":63,"20":63,"21":63,"22":63,"23":1,"24":1,"25":274,"26":274,"27":1,"28":1,"29":1,"30":1,"31":1,"32":1,"33":1,"34":1,"35":1,"36":1,"37":90,"38":90,"39":90,"40":90,"41":90,"42":90,"43":90,"44":86,"45":86,"46":90,"47":68,"48":68,"49":90,"50":90,"51":90,"52":1,"53":1,"54":45,"55":45,"56":45,"57":0,"58":0,"59":45,"60":45,"61":90,"62":90,"63":45,"64":1,"65":1,"66":15,"67":15,"68":15,"69":0,"70":0,"71":15,"72":15,"73":30,"74":30,"75":15,"76":1,"77":1,"78":176,"79":176,"80":1,"81":1,"82":98,"83":98,"84":1,"85":1,"86":1,"87":1,"88":1,"89":1,"90":1,"91":1,"92":1,"93":120,"94":99,"95":99,"96":21,"97":21,"98":78,"99":120,"100":23,"101":23,"102":22,"103":22,"104":120,"105":1,"106":1,"107":1,"108":1,"109":1,"110":1,"111":1,"112":1,"113":1,"114":120,"115":120,"116":120,"117":120,"118":59,"119":59,"120":120,"121":120,"122":1,"123":1,"124":1,"125":1,"126":1,"127":1,"128":1,"129":1,"130":60,"131":60,"132":1,"133":1,"134":60,"135":60,"136":60,"137":60,"138":60,"139":19,"140":19,"141":59,"142":60,"143":60,"144":56,"145":56,"146":59,"147":59,"148":59,"149":1,"150":1,"151":45,"152":45,"153":45,"154":45,"155":45,"156":45,"157":45,"158":45,"159":45,"160":45,"161":45,"162":45,"163":0,"164":0,"165":45,"166":1,"167":1,"168":1,"169":15,"170":15,"171":15,"172":15,"173":0,"174":0,"175":15,"176":15,"177":15,"178":15,"179":15,"180":15,"181":15,"182":15,"183":15,"184":15,"185":1,"186":1,"187":15,"188":1,"189":1,"190":62,"191":43,"192":43,"193":19,"194":19,"195":19,"196":19,"197":1,"198":1,"199":1,"200":1,"201":1,"202":1,"203":1,"204":1,"205":1,"206":63,"207":63,"208":63,"209":1,"210":1,"211":62,"212":62,"213":62,"214":63,"215":15,"216":15,"217":47,"218":63,"219":45,"220":45,"221":2,"222":2,"223":2},"branchMap":{"0":{"type":"branch","line":11,"loc":{"start":{"line":11,"column":27},"end":{"line":13,"column":2}},"locations":[{"start":{"line":11,"column":27},"end":{"line":13,"column":2}}]},"1":{"type":"branch","line":15,"loc":{"start":{"line":15,"column":25},"end":{"line":17,"column":2}},"locations":[{"start":{"line":15,"column":25},"end":{"line":17,"column":2}}]},"2":{"type":"branch","line":19,"loc":{"start":{"line":19,"column":20},"end":{"line":23,"column":2}},"locations":[{"start":{"line":19,"column":20},"end":{"line":23,"column":2}}]},"3":{"type":"branch","line":25,"loc":{"start":{"line":25,"column":23},"end":{"line":27,"column":2}},"locations":[{"start":{"line":25,"column":23},"end":{"line":27,"column":2}}]},"4":{"type":"branch","line":37,"loc":{"start":{"line":37,"column":21},"end":{"line":52,"column":2}},"locations":[{"start":{"line":37,"column":21},"end":{"line":52,"column":2}}]},"5":{"type":"branch","line":44,"loc":{"start":{"line":44,"column":35},"end":{"line":46,"column":5}},"locations":[{"start":{"line":44,"column":35},"end":{"line":46,"column":5}}]},"6":{"type":"branch","line":47,"loc":{"start":{"line":47,"column":35},"end":{"line":49,"column":5}},"locations":[{"start":{"line":47,"column":35},"end":{"line":49,"column":5}}]},"7":{"type":"branch","line":54,"loc":{"start":{"line":54,"column":26},"end":{"line":64,"column":2}},"locations":[{"start":{"line":54,"column":26},"end":{"line":64,"column":2}}]},"8":{"type":"branch","line":57,"loc":{"start":{"line":57,"column":48},"end":{"line":59,"column":5}},"locations":[{"start":{"line":57,"column":48},"end":{"line":59,"column":5}}]},"9":{"type":"branch","line":61,"loc":{"start":{"line":61,"column":23},"end":{"line":63,"column":7}},"locations":[{"start":{"line":61,"column":23},"end":{"line":63,"column":7}}]},"10":{"type":"branch","line":66,"loc":{"start":{"line":66,"column":30},"end":{"line":76,"column":2}},"locations":[{"start":{"line":66,"column":30},"end":{"line":76,"column":2}}]},"11":{"type":"branch","line":69,"loc":{"start":{"line":69,"column":46},"end":{"line":71,"column":5}},"locations":[{"start":{"line":69,"column":46},"end":{"line":71,"column":5}}]},"12":{"type":"branch","line":73,"loc":{"start":{"line":73,"column":23},"end":{"line":75,"column":7}},"locations":[{"start":{"line":73,"column":23},"end":{"line":75,"column":7}}]},"13":{"type":"branch","line":78,"loc":{"start":{"line":78,"column":20},"end":{"line":80,"column":1}},"locations":[{"start":{"line":78,"column":20},"end":{"line":80,"column":1}}]},"14":{"type":"branch","line":79,"loc":{"start":{"line":79,"column":11},"end":{"line":79,"column":41}},"locations":[{"start":{"line":79,"column":11},"end":{"line":79,"column":41}}]},"15":{"type":"branch","line":82,"loc":{"start":{"line":82,"column":20},"end":{"line":84,"column":1}},"locations":[{"start":{"line":82,"column":20},"end":{"line":84,"column":1}}]},"16":{"type":"branch","line":93,"loc":{"start":{"line":93,"column":19},"end":{"line":105,"column":2}},"locations":[{"start":{"line":93,"column":19},"end":{"line":105,"column":2}}]},"17":{"type":"branch","line":94,"loc":{"start":{"line":94,"column":8},"end":{"line":94,"column":50}},"locations":[{"start":{"line":94,"column":8},"end":{"line":94,"column":50}}]},"18":{"type":"branch","line":94,"loc":{"start":{"line":94,"column":50},"end":{"line":96,"column":11}},"locations":[{"start":{"line":94,"column":50},"end":{"line":96,"column":11}}]},"19":{"type":"branch","line":94,"loc":{"start":{"line":94,"column":4},"end":{"line":98,"column":5}},"locations":[{"start":{"line":94,"column":4},"end":{"line":98,"column":5}}]},"20":{"type":"branch","line":96,"loc":{"start":{"line":96,"column":15},"end":{"line":96,"column":57}},"locations":[{"start":{"line":96,"column":15},"end":{"line":96,"column":57}}]},"21":{"type":"branch","line":96,"loc":{"start":{"line":96,"column":57},"end":{"line":98,"column":5}},"locations":[{"start":{"line":96,"column":57},"end":{"line":98,"column":5}}]},"22":{"type":"branch","line":99,"loc":{"start":{"line":99,"column":-1},"end":{"line":100,"column":8}},"locations":[{"start":{"line":99,"column":-1},"end":{"line":100,"column":8}}]},"23":{"type":"branch","line":100,"loc":{"start":{"line":100,"column":28},"end":{"line":102,"column":11}},"locations":[{"start":{"line":100,"column":28},"end":{"line":102,"column":11}}]},"24":{"type":"branch","line":100,"loc":{"start":{"line":100,"column":4},"end":{"line":104,"column":5}},"locations":[{"start":{"line":100,"column":4},"end":{"line":104,"column":5}}]},"25":{"type":"branch","line":102,"loc":{"start":{"line":102,"column":58},"end":{"line":104,"column":5}},"locations":[{"start":{"line":102,"column":58},"end":{"line":104,"column":5}}]},"26":{"type":"branch","line":114,"loc":{"start":{"line":114,"column":37},"end":{"line":122,"column":2}},"locations":[{"start":{"line":114,"column":37},"end":{"line":122,"column":2}}]},"27":{"type":"branch","line":117,"loc":{"start":{"line":117,"column":17},"end":{"line":117,"column":53}},"locations":[{"start":{"line":117,"column":17},"end":{"line":117,"column":53}}]},"28":{"type":"branch","line":118,"loc":{"start":{"line":118,"column":29},"end":{"line":120,"column":5}},"locations":[{"start":{"line":118,"column":29},"end":{"line":120,"column":5}}]},"29":{"type":"branch","line":130,"loc":{"start":{"line":130,"column":30},"end":{"line":132,"column":2}},"locations":[{"start":{"line":130,"column":30},"end":{"line":132,"column":2}}]},"30":{"type":"branch","line":131,"loc":{"start":{"line":131,"column":23},"end":{"line":131,"column":57}},"locations":[{"start":{"line":131,"column":23},"end":{"line":131,"column":57}}]},"31":{"type":"branch","line":134,"loc":{"start":{"line":134,"column":30},"end":{"line":149,"column":2}},"locations":[{"start":{"line":134,"column":30},"end":{"line":149,"column":2}}]},"32":{"type":"branch","line":138,"loc":{"start":{"line":138,"column":8},"end":{"line":138,"column":34}},"locations":[{"start":{"line":138,"column":8},"end":{"line":138,"column":34}}]},"33":{"type":"branch","line":138,"loc":{"start":{"line":138,"column":8},"end":{"line":139,"column":19}},"locations":[{"start":{"line":138,"column":8},"end":{"line":139,"column":19}}]},"34":{"type":"branch","line":138,"loc":{"start":{"line":138,"column":8},"end":{"line":139,"column":36}},"locations":[{"start":{"line":138,"column":8},"end":{"line":139,"column":36}}]},"35":{"type":"branch","line":139,"loc":{"start":{"line":139,"column":40},"end":{"line":141,"column":5}},"locations":[{"start":{"line":139,"column":40},"end":{"line":141,"column":5}}]},"36":{"type":"branch","line":142,"loc":{"start":{"line":142,"column":-1},"end":{"line":143,"column":17}},"locations":[{"start":{"line":142,"column":-1},"end":{"line":143,"column":17}}]},"37":{"type":"branch","line":143,"loc":{"start":{"line":143,"column":8},"end":{"line":143,"column":34}},"locations":[{"start":{"line":143,"column":8},"end":{"line":143,"column":34}}]},"38":{"type":"branch","line":143,"loc":{"start":{"line":143,"column":8},"end":{"line":144,"column":19}},"locations":[{"start":{"line":143,"column":8},"end":{"line":144,"column":19}}]},"39":{"type":"branch","line":143,"loc":{"start":{"line":143,"column":8},"end":{"line":144,"column":36}},"locations":[{"start":{"line":143,"column":8},"end":{"line":144,"column":36}}]},"40":{"type":"branch","line":144,"loc":{"start":{"line":144,"column":40},"end":{"line":146,"column":5}},"locations":[{"start":{"line":144,"column":40},"end":{"line":146,"column":5}}]},"41":{"type":"branch","line":147,"loc":{"start":{"line":147,"column":-1},"end":{"line":149,"column":2}},"locations":[{"start":{"line":147,"column":-1},"end":{"line":149,"column":2}}]},"42":{"type":"branch","line":151,"loc":{"start":{"line":151,"column":18},"end":{"line":166,"column":2}},"locations":[{"start":{"line":151,"column":18},"end":{"line":166,"column":2}}]},"43":{"type":"branch","line":153,"loc":{"start":{"line":153,"column":16},"end":{"line":153,"column":23}},"locations":[{"start":{"line":153,"column":16},"end":{"line":153,"column":23}}]},"44":{"type":"branch","line":163,"loc":{"start":{"line":163,"column":6},"end":{"line":165,"column":5}},"locations":[{"start":{"line":163,"column":6},"end":{"line":165,"column":5}}]},"45":{"type":"branch","line":169,"loc":{"start":{"line":169,"column":29},"end":{"line":188,"column":2}},"locations":[{"start":{"line":169,"column":29},"end":{"line":188,"column":2}}]},"46":{"type":"branch","line":171,"loc":{"start":{"line":171,"column":16},"end":{"line":171,"column":23}},"locations":[{"start":{"line":171,"column":16},"end":{"line":171,"column":23}}]},"47":{"type":"branch","line":173,"loc":{"start":{"line":173,"column":46},"end":{"line":175,"column":5}},"locations":[{"start":{"line":173,"column":46},"end":{"line":175,"column":5}}]},"48":{"type":"branch","line":185,"loc":{"start":{"line":185,"column":6},"end":{"line":187,"column":5}},"locations":[{"start":{"line":185,"column":6},"end":{"line":187,"column":5}}]},"49":{"type":"branch","line":190,"loc":{"start":{"line":190,"column":30},"end":{"line":197,"column":1}},"locations":[{"start":{"line":190,"column":30},"end":{"line":197,"column":1}}]},"50":{"type":"branch","line":191,"loc":{"start":{"line":191,"column":44},"end":{"line":193,"column":5}},"locations":[{"start":{"line":191,"column":44},"end":{"line":193,"column":5}}]},"51":{"type":"branch","line":194,"loc":{"start":{"line":194,"column":-1},"end":{"line":197,"column":1}},"locations":[{"start":{"line":194,"column":-1},"end":{"line":197,"column":1}}]},"52":{"type":"branch","line":206,"loc":{"start":{"line":206,"column":7},"end":{"line":224,"column":1}},"locations":[{"start":{"line":206,"column":7},"end":{"line":224,"column":1}}]},"53":{"type":"branch","line":209,"loc":{"start":{"line":209,"column":43},"end":{"line":211,"column":5}},"locations":[{"start":{"line":209,"column":43},"end":{"line":211,"column":5}}]},"54":{"type":"branch","line":212,"loc":{"start":{"line":212,"column":-1},"end":{"line":215,"column":8}},"locations":[{"start":{"line":212,"column":-1},"end":{"line":215,"column":8}}]},"55":{"type":"branch","line":215,"loc":{"start":{"line":215,"column":41},"end":{"line":217,"column":5}},"locations":[{"start":{"line":215,"column":41},"end":{"line":217,"column":5}}]},"56":{"type":"branch","line":218,"loc":{"start":{"line":218,"column":-1},"end":{"line":219,"column":8}},"locations":[{"start":{"line":218,"column":-1},"end":{"line":219,"column":8}}]},"57":{"type":"branch","line":219,"loc":{"start":{"line":219,"column":40},"end":{"line":221,"column":5}},"locations":[{"start":{"line":219,"column":40},"end":{"line":221,"column":5}}]},"58":{"type":"branch","line":222,"loc":{"start":{"line":222,"column":-1},"end":{"line":224,"column":1}},"locations":[{"start":{"line":222,"column":-1},"end":{"line":224,"column":1}}]}},"b":{"0":[63],"1":[63],"2":[63],"3":[274],"4":[90],"5":[86],"6":[68],"7":[45],"8":[0],"9":[90],"10":[15],"11":[0],"12":[30],"13":[176],"14":[136],"15":[98],"16":[120],"17":[102],"18":[21],"19":[99],"20":[81],"21":[21],"22":[78],"23":[55],"24":[23],"25":[22],"26":[120],"27":[72],"28":[59],"29":[60],"30":[120],"31":[60],"32":[39],"33":[19],"34":[19],"35":[19],"36":[59],"37":[56],"38":[56],"39":[56],"40":[56],"41":[59],"42":[45],"43":[0],"44":[0],"45":[15],"46":[0],"47":[0],"48":[1],"49":[62],"50":[43],"51":[19],"52":[63],"53":[1],"54":[62],"55":[15],"56":[47],"57":[45],"58":[2]},"fnMap":{"0":{"name":"removeMultiSpaces","decl":{"start":{"line":11,"column":27},"end":{"line":13,"column":2}},"loc":{"start":{"line":11,"column":27},"end":{"line":13,"column":2}},"line":11},"1":{"name":"fixDecimalComma","decl":{"start":{"line":15,"column":25},"end":{"line":17,"column":2}},"loc":{"start":{"line":15,"column":25},"end":{"line":17,"column":2}},"line":15},"2":{"name":"clearInput","decl":{"start":{"line":19,"column":20},"end":{"line":23,"column":2}},"loc":{"start":{"line":19,"column":20},"end":{"line":23,"column":2}},"line":19},"3":{"name":"stringToFloat","decl":{"start":{"line":25,"column":23},"end":{"line":27,"column":2}},"loc":{"start":{"line":25,"column":23},"end":{"line":27,"column":2}},"line":25},"4":{"name":"dmsToDecimal","decl":{"start":{"line":37,"column":21},"end":{"line":52,"column":2}},"loc":{"start":{"line":37,"column":21},"end":{"line":52,"column":2}},"line":37},"5":{"name":"handleDmsNumbers","decl":{"start":{"line":54,"column":26},"end":{"line":64,"column":2}},"loc":{"start":{"line":54,"column":26},"end":{"line":64,"column":2}},"line":54},"6":{"name":"handleDecimalNumbers","decl":{"start":{"line":66,"column":30},"end":{"line":76,"column":2}},"loc":{"start":{"line":66,"column":30},"end":{"line":76,"column":2}},"line":66},"7":{"name":"isLatValid","decl":{"start":{"line":78,"column":20},"end":{"line":80,"column":1}},"loc":{"start":{"line":78,"column":20},"end":{"line":80,"column":1}},"line":78},"8":{"name":"isLonValid","decl":{"start":{"line":82,"column":20},"end":{"line":84,"column":1}},"loc":{"start":{"line":82,"column":20},"end":{"line":84,"column":1}},"line":82},"9":{"name":"isNumberXY","decl":{"start":{"line":93,"column":19},"end":{"line":105,"column":2}},"loc":{"start":{"line":93,"column":19},"end":{"line":105,"column":2}},"line":93},"10":{"name":"_handleHemisphereSignByIndex","decl":{"start":{"line":114,"column":37},"end":{"line":122,"column":2}},"loc":{"start":{"line":114,"column":37},"end":{"line":122,"column":2}},"line":114},"11":{"name":"handleHemisphereSign","decl":{"start":{"line":130,"column":30},"end":{"line":132,"column":2}},"loc":{"start":{"line":130,"column":30},"end":{"line":132,"column":2}},"line":130},"12":{"name":"makeCoordinatesPairs","decl":{"start":{"line":134,"column":30},"end":{"line":149,"column":2}},"loc":{"start":{"line":134,"column":30},"end":{"line":149,"column":2}},"line":134},"13":{"name":"parseDms","decl":{"start":{"line":151,"column":18},"end":{"line":166,"column":2}},"loc":{"start":{"line":151,"column":18},"end":{"line":166,"column":2}},"line":151},"14":{"name":"parseDecimalDegrees","decl":{"start":{"line":169,"column":29},"end":{"line":188,"column":2}},"loc":{"start":{"line":169,"column":29},"end":{"line":188,"column":2}},"line":169},"15":{"name":"handleSpaceSeparator","decl":{"start":{"line":190,"column":30},"end":{"line":197,"column":1}},"loc":{"start":{"line":190,"column":30},"end":{"line":197,"column":1}},"line":190},"16":{"name":"parse","decl":{"start":{"line":206,"column":7},"end":{"line":224,"column":1}},"loc":{"start":{"line":206,"column":7},"end":{"line":224,"column":1}},"line":206}},"f":{"0":63,"1":63,"2":63,"3":274,"4":90,"5":45,"6":15,"7":176,"8":98,"9":120,"10":120,"11":60,"12":60,"13":45,"14":15,"15":62,"16":63}}
,"/home/karavanjo/projects/karavanjo/coordinates-parser/src/regex.js": {"path":"/home/karavanjo/projects/karavanjo/coordinates-parser/src/regex.js","all":false,"statementMap":{"0":{"start":{"line":1,"column":0},"end":{"line":1,"column":39}},"1":{"start":{"line":2,"column":0},"end":{"line":2,"column":49}},"2":{"start":{"line":3,"column":0},"end":{"line":3,"column":2}},"3":{"start":{"line":4,"column":0},"end":{"line":4,"column":0}},"4":{"start":{"line":5,"column":0},"end":{"line":5,"column":39}},"5":{"start":{"line":6,"column":0},"end":{"line":6,"column":56}},"6":{"start":{"line":7,"column":0},"end":{"line":7,"column":2}},"7":{"start":{"line":8,"column":0},"end":{"line":8,"column":0}},"8":{"start":{"line":9,"column":0},"end":{"line":9,"column":34}},"9":{"start":{"line":10,"column":0},"end":{"line":10,"column":30}},"10":{"start":{"line":11,"column":0},"end":{"line":11,"column":2}},"11":{"start":{"line":12,"column":0},"end":{"line":12,"column":0}},"12":{"start":{"line":13,"column":0},"end":{"line":13,"column":25}},"13":{"start":{"line":14,"column":0},"end":{"line":14,"column":51}},"14":{"start":{"line":15,"column":0},"end":{"line":15,"column":2}},"15":{"start":{"line":16,"column":0},"end":{"line":16,"column":0}},"16":{"start":{"line":17,"column":0},"end":{"line":17,"column":32}},"17":{"start":{"line":18,"column":0},"end":{"line":18,"column":94}},"18":{"start":{"line":19,"column":0},"end":{"line":19,"column":1}},"19":{"start":{"line":20,"column":0},"end":{"line":20,"column":0}},"20":{"start":{"line":21,"column":0},"end":{"line":21,"column":32}},"21":{"start":{"line":22,"column":0},"end":{"line":22,"column":76}},"22":{"start":{"line":23,"column":0},"end":{"line":23,"column":1}},"23":{"start":{"line":24,"column":0},"end":{"line":24,"column":0}},"24":{"start":{"line":25,"column":0},"end":{"line":25,"column":32}},"25":{"start":{"line":26,"column":0},"end":{"line":26,"column":82}},"26":{"start":{"line":27,"column":0},"end":{"line":27,"column":1}},"27":{"start":{"line":28,"column":0},"end":{"line":28,"column":0}},"28":{"start":{"line":29,"column":0},"end":{"line":29,"column":46}},"29":{"start":{"line":30,"column":0},"end":{"line":30,"column":24}},"30":{"start":{"line":31,"column":0},"end":{"line":31,"column":51}},"31":{"start":{"line":32,"column":0},"end":{"line":32,"column":48}},"32":{"start":{"line":33,"column":0},"end":{"line":33,"column":51}},"33":{"start":{"line":34,"column":0},"end":{"line":34,"column":38}},"34":{"start":{"line":35,"column":0},"end":{"line":35,"column":50}},"35":{"start":{"line":36,"column":0},"end":{"line":36,"column":48}},"36":{"start":{"line":37,"column":0},"end":{"line":37,"column":52}},"37":{"start":{"line":38,"column":0},"end":{"line":38,"column":6}},"38":{"start":{"line":39,"column":0},"end":{"line":39,"column":48}},"39":{"start":{"line":40,"column":0},"end":{"line":40,"column":2}},"40":{"start":{"line":41,"column":0},"end":{"line":41,"column":0}},"41":{"start":{"line":42,"column":0},"end":{"line":42,"column":45}},"42":{"start":{"line":43,"column":0},"end":{"line":43,"column":24}},"43":{"start":{"line":44,"column":0},"end":{"line":44,"column":51}},"44":{"start":{"line":45,"column":0},"end":{"line":45,"column":42}},"45":{"start":{"line":46,"column":0},"end":{"line":46,"column":41}},"46":{"start":{"line":47,"column":0},"end":{"line":47,"column":41}},"47":{"start":{"line":48,"column":0},"end":{"line":48,"column":51}},"48":{"start":{"line":49,"column":0},"end":{"line":49,"column":38}},"49":{"start":{"line":50,"column":0},"end":{"line":50,"column":50}},"50":{"start":{"line":51,"column":0},"end":{"line":51,"column":42}},"51":{"start":{"line":52,"column":0},"end":{"line":52,"column":41}},"52":{"start":{"line":53,"column":0},"end":{"line":53,"column":41}},"53":{"start":{"line":54,"column":0},"end":{"line":54,"column":52}},"54":{"start":{"line":55,"column":0},"end":{"line":55,"column":6}},"55":{"start":{"line":56,"column":0},"end":{"line":56,"column":48}},"56":{"start":{"line":57,"column":0},"end":{"line":57,"column":2}},"57":{"start":{"line":58,"column":0},"end":{"line":58,"column":0}},"58":{"start":{"line":59,"column":0},"end":{"line":59,"column":49}},"59":{"start":{"line":60,"column":0},"end":{"line":60,"column":79}},"60":{"start":{"line":61,"column":0},"end":{"line":61,"column":1}}},"s":{"0":1,"1":8,"2":8,"3":1,"4":1,"5":2,"6":2,"7":1,"8":1,"9":1,"10":1,"11":1,"12":1,"13":2,"14":2,"15":1,"16":1,"17":2,"18":2,"19":1,"20":1,"21":2,"22":2,"23":1,"24":1,"25":2,"26":2,"27":1,"28":1,"29":1,"30":1,"31":1,"32":1,"33":1,"34":1,"35":1,"36":1,"37":1,"38":1,"39":1,"40":1,"41":1,"42":1,"43":1,"44":1,"45":1,"46":1,"47":1,"48":1,"49":1,"50":1,"51":1,"52":1,"53":1,"54":1,"55":1,"56":1,"57":1,"58":1,"59":1,"60":1},"branchMap":{"0":{"type":"branch","line":1,"loc":{"start":{"line":1,"column":24},"end":{"line":3,"column":2}},"locations":[{"start":{"line":1,"column":24},"end":{"line":3,"column":2}}]},"1":{"type":"branch","line":5,"loc":{"start":{"line":5,"column":24},"end":{"line":7,"column":2}},"locations":[{"start":{"line":5,"column":24},"end":{"line":7,"column":2}}]},"2":{"type":"branch","line":9,"loc":{"start":{"line":9,"column":27},"end":{"line":11,"column":2}},"locations":[{"start":{"line":9,"column":27},"end":{"line":11,"column":2}}]},"3":{"type":"branch","line":13,"loc":{"start":{"line":13,"column":18},"end":{"line":15,"column":2}},"locations":[{"start":{"line":13,"column":18},"end":{"line":15,"column":2}}]},"4":{"type":"branch","line":17,"loc":{"start":{"line":17,"column":17},"end":{"line":19,"column":1}},"locations":[{"start":{"line":17,"column":17},"end":{"line":19,"column":1}}]},"5":{"type":"branch","line":21,"loc":{"start":{"line":21,"column":17},"end":{"line":23,"column":1}},"locations":[{"start":{"line":21,"column":17},"end":{"line":23,"column":1}}]},"6":{"type":"branch","line":25,"loc":{"start":{"line":25,"column":17},"end":{"line":27,"column":1}},"locations":[{"start":{"line":25,"column":17},"end":{"line":27,"column":1}}]},"7":{"type":"branch","line":29,"loc":{"start":{"line":29,"column":39},"end":{"line":40,"column":2}},"locations":[{"start":{"line":29,"column":39},"end":{"line":40,"column":2}}]},"8":{"type":"branch","line":42,"loc":{"start":{"line":42,"column":38},"end":{"line":57,"column":2}},"locations":[{"start":{"line":42,"column":38},"end":{"line":57,"column":2}}]},"9":{"type":"branch","line":59,"loc":{"start":{"line":59,"column":42},"end":{"line":61,"column":1}},"locations":[{"start":{"line":59,"column":42},"end":{"line":61,"column":1}}]}},"b":{"0":[8],"1":[2],"2":[1],"3":[2],"4":[2],"5":[2],"6":[2],"7":[1],"8":[1],"9":[1]},"fnMap":{"0":{"name":"hemisphereSign","decl":{"start":{"line":1,"column":24},"end":{"line":3,"column":2}},"loc":{"start":{"line":1,"column":24},"end":{"line":3,"column":2}},"line":1},"1":{"name":"decimalDegrees","decl":{"start":{"line":5,"column":24},"end":{"line":7,"column":2}},"loc":{"start":{"line":5,"column":24},"end":{"line":7,"column":2}},"line":5},"2":{"name":"nonSpaceSeparators","decl":{"start":{"line":9,"column":27},"end":{"line":11,"column":2}},"loc":{"start":{"line":9,"column":27},"end":{"line":11,"column":2}},"line":9},"3":{"name":"separator","decl":{"start":{"line":13,"column":18},"end":{"line":15,"column":2}},"loc":{"start":{"line":13,"column":18},"end":{"line":15,"column":2}},"line":13},"4":{"name":"degrees","decl":{"start":{"line":17,"column":17},"end":{"line":19,"column":1}},"loc":{"start":{"line":17,"column":17},"end":{"line":19,"column":1}},"line":17},"5":{"name":"minutes","decl":{"start":{"line":21,"column":17},"end":{"line":23,"column":1}},"loc":{"start":{"line":21,"column":17},"end":{"line":23,"column":1}},"line":21},"6":{"name":"seconds","decl":{"start":{"line":25,"column":17},"end":{"line":27,"column":1}},"loc":{"start":{"line":25,"column":17},"end":{"line":27,"column":1}},"line":25},"7":{"name":"makeRegexDecimalDegrees","decl":{"start":{"line":29,"column":39},"end":{"line":40,"column":2}},"loc":{"start":{"line":29,"column":39},"end":{"line":40,"column":2}},"line":29},"8":{"name":"makeRegexDegreesMinSec","decl":{"start":{"line":42,"column":38},"end":{"line":57,"column":2}},"loc":{"start":{"line":42,"column":38},"end":{"line":57,"column":2}},"line":42},"9":{"name":"makeRegexNonSpaceSeparator","decl":{"start":{"line":59,"column":42},"end":{"line":61,"column":1}},"loc":{"start":{"line":59,"column":42},"end":{"line":61,"column":1}},"line":59}},"f":{"0":8,"1":2,"2":1,"3":2,"4":2,"5":2,"6":2,"7":1,"8":1,"9":1}}
}
