TN:
SF:src/parser.js
FN:11,removeMultiSpaces
FN:15,fixDecimalComma
FN:19,clearInput
FN:25,stringToFloat
FN:37,dmsToDecimal
FN:54,handleDmsNumbers
FN:66,handleDecimalNumbers
FN:78,isLatValid
FN:82,isLonValid
FN:93,isNumberXY
FN:114,_handleHemisphereSignByIndex
FN:130,handleHemisphereSign
FN:134,makeCoordinatesPairs
FN:151,parseDms
FN:169,parseDecimalDegrees
FN:190,handleSpaceSeparator
FN:206,parse
FNF:17
FNH:17
FNDA:63,removeMultiSpaces
FNDA:63,fixDecimalComma
FNDA:63,clearInput
FNDA:274,stringToFloat
FNDA:90,dmsToDecimal
FNDA:45,handleDmsNumbers
FNDA:15,handleDecimalNumbers
FNDA:176,isLatValid
FNDA:98,isLonValid
FNDA:120,isNumberXY
FNDA:120,_handleHemisphereSignByIndex
FNDA:60,handleHemisphereSign
FNDA:60,makeCoordinatesPairs
FNDA:45,parseDms
FNDA:15,parseDecimalDegrees
FNDA:62,handleSpaceSeparator
FNDA:63,parse
DA:1,1
DA:2,1
DA:3,1
DA:4,1
DA:5,1
DA:6,1
DA:7,1
DA:8,1
DA:9,1
DA:10,1
DA:11,1
DA:12,63
DA:13,63
DA:14,1
DA:15,1
DA:16,63
DA:17,63
DA:18,1
DA:19,1
DA:20,63
DA:21,63
DA:22,63
DA:23,63
DA:24,1
DA:25,1
DA:26,274
DA:27,274
DA:28,1
DA:29,1
DA:30,1
DA:31,1
DA:32,1
DA:33,1
DA:34,1
DA:35,1
DA:36,1
DA:37,1
DA:38,90
DA:39,90
DA:40,90
DA:41,90
DA:42,90
DA:43,90
DA:44,90
DA:45,86
DA:46,86
DA:47,90
DA:48,68
DA:49,68
DA:50,90
DA:51,90
DA:52,90
DA:53,1
DA:54,1
DA:55,45
DA:56,45
DA:57,45
DA:58,0
DA:59,0
DA:60,45
DA:61,45
DA:62,90
DA:63,90
DA:64,45
DA:65,1
DA:66,1
DA:67,15
DA:68,15
DA:69,15
DA:70,0
DA:71,0
DA:72,15
DA:73,15
DA:74,30
DA:75,30
DA:76,15
DA:77,1
DA:78,1
DA:79,176
DA:80,176
DA:81,1
DA:82,1
DA:83,98
DA:84,98
DA:85,1
DA:86,1
DA:87,1
DA:88,1
DA:89,1
DA:90,1
DA:91,1
DA:92,1
DA:93,1
DA:94,120
DA:95,99
DA:96,99
DA:97,21
DA:98,21
DA:99,78
DA:100,120
DA:101,23
DA:102,23
DA:103,22
DA:104,22
DA:105,120
DA:106,1
DA:107,1
DA:108,1
DA:109,1
DA:110,1
DA:111,1
DA:112,1
DA:113,1
DA:114,1
DA:115,120
DA:116,120
DA:117,120
DA:118,120
DA:119,59
DA:120,59
DA:121,120
DA:122,120
DA:123,1
DA:124,1
DA:125,1
DA:126,1
DA:127,1
DA:128,1
DA:129,1
DA:130,1
DA:131,60
DA:132,60
DA:133,1
DA:134,1
DA:135,60
DA:136,60
DA:137,60
DA:138,60
DA:139,60
DA:140,19
DA:141,19
DA:142,59
DA:143,60
DA:144,60
DA:145,56
DA:146,56
DA:147,59
DA:148,59
DA:149,59
DA:150,1
DA:151,1
DA:152,45
DA:153,45
DA:154,45
DA:155,45
DA:156,45
DA:157,45
DA:158,45
DA:159,45
DA:160,45
DA:161,45
DA:162,45
DA:163,45
DA:164,0
DA:165,0
DA:166,45
DA:167,1
DA:168,1
DA:169,1
DA:170,15
DA:171,15
DA:172,15
DA:173,15
DA:174,0
DA:175,0
DA:176,15
DA:177,15
DA:178,15
DA:179,15
DA:180,15
DA:181,15
DA:182,15
DA:183,15
DA:184,15
DA:185,15
DA:186,1
DA:187,1
DA:188,15
DA:189,1
DA:190,1
DA:191,62
DA:192,43
DA:193,43
DA:194,19
DA:195,19
DA:196,19
DA:197,19
DA:198,1
DA:199,1
DA:200,1
DA:201,1
DA:202,1
DA:203,1
DA:204,1
DA:205,1
DA:206,1
DA:207,63
DA:208,63
DA:209,63
DA:210,1
DA:211,1
DA:212,62
DA:213,62
DA:214,62
DA:215,63
DA:216,15
DA:217,15
DA:218,47
DA:219,63
DA:220,45
DA:221,45
DA:222,2
DA:223,2
DA:224,2
LF:224
LH:216
BRDA:11,0,0,63
BRDA:15,1,0,63
BRDA:19,2,0,63
BRDA:25,3,0,274
BRDA:37,4,0,90
BRDA:44,5,0,86
BRDA:47,6,0,68
BRDA:54,7,0,45
BRDA:57,8,0,0
BRDA:61,9,0,90
BRDA:66,10,0,15
BRDA:69,11,0,0
BRDA:73,12,0,30
BRDA:78,13,0,176
BRDA:79,14,0,136
BRDA:82,15,0,98
BRDA:93,16,0,120
BRDA:94,17,0,102
BRDA:94,18,0,21
BRDA:94,19,0,99
BRDA:96,20,0,81
BRDA:96,21,0,21
BRDA:99,22,0,78
BRDA:100,23,0,55
BRDA:100,24,0,23
BRDA:102,25,0,22
BRDA:114,26,0,120
BRDA:117,27,0,72
BRDA:118,28,0,59
BRDA:130,29,0,60
BRDA:131,30,0,120
BRDA:134,31,0,60
BRDA:138,32,0,39
BRDA:138,33,0,19
BRDA:138,34,0,19
BRDA:139,35,0,19
BRDA:142,36,0,59
BRDA:143,37,0,56
BRDA:143,38,0,56
BRDA:143,39,0,56
BRDA:144,40,0,56
BRDA:147,41,0,59
BRDA:151,42,0,45
BRDA:153,43,0,0
BRDA:163,44,0,0
BRDA:169,45,0,15
BRDA:171,46,0,0
BRDA:173,47,0,0
BRDA:185,48,0,1
BRDA:190,49,0,62
BRDA:191,50,0,43
BRDA:194,51,0,19
BRDA:206,52,0,63
BRDA:209,53,0,1
BRDA:212,54,0,62
BRDA:215,55,0,15
BRDA:218,56,0,47
BRDA:219,57,0,45
BRDA:222,58,0,2
BRF:59
BRH:53
end_of_record
TN:
SF:src/regex.js
FN:1,hemisphereSign
FN:5,decimalDegrees
FN:9,nonSpaceSeparators
FN:13,separator
FN:17,degrees
FN:21,minutes
FN:25,seconds
FN:29,makeRegexDecimalDegrees
FN:42,makeRegexDegreesMinSec
FN:59,makeRegexNonSpaceSeparator
FNF:10
FNH:10
FNDA:8,hemisphereSign
FNDA:2,decimalDegrees
FNDA:1,nonSpaceSeparators
FNDA:2,separator
FNDA:2,degrees
FNDA:2,minutes
FNDA:2,seconds
FNDA:1,makeRegexDecimalDegrees
FNDA:1,makeRegexDegreesMinSec
FNDA:1,makeRegexNonSpaceSeparator
DA:1,1
DA:2,8
DA:3,8
DA:4,1
DA:5,1
DA:6,2
DA:7,2
DA:8,1
DA:9,1
DA:10,1
DA:11,1
DA:12,1
DA:13,1
DA:14,2
DA:15,2
DA:16,1
DA:17,1
DA:18,2
DA:19,2
DA:20,1
DA:21,1
DA:22,2
DA:23,2
DA:24,1
DA:25,1
DA:26,2
DA:27,2
DA:28,1
DA:29,1
DA:30,1
DA:31,1
DA:32,1
DA:33,1
DA:34,1
DA:35,1
DA:36,1
DA:37,1
DA:38,1
DA:39,1
DA:40,1
DA:41,1
DA:42,1
DA:43,1
DA:44,1
DA:45,1
DA:46,1
DA:47,1
DA:48,1
DA:49,1
DA:50,1
DA:51,1
DA:52,1
DA:53,1
DA:54,1
DA:55,1
DA:56,1
DA:57,1
DA:58,1
DA:59,1
DA:60,1
DA:61,1
LF:61
LH:61
BRDA:1,0,0,8
BRDA:5,1,0,2
BRDA:9,2,0,1
BRDA:13,3,0,2
BRDA:17,4,0,2
BRDA:21,5,0,2
BRDA:25,6,0,2
BRDA:29,7,0,1
BRDA:42,8,0,1
BRDA:59,9,0,1
BRF:10
BRH:10
end_of_record
